18:50:43.444 [main] INFO   - Printed message
18:50:43.553 [main] INFO   - Start reading
18:51:24.908 [main] INFO   - Reading complete
18:51:24.909 [main] INFO   - Print userNodes to file
18:51:24.939 [main] INFO   - Complete printing userNodes to file
18:51:24.939 [main] INFO   - Print tagCount to file
18:51:24.944 [main] INFO   - Complete printing tagCount to file
19:53:26.626 [main] INFO   - Printed message
19:53:26.724 [main] INFO   - Start reading
19:54:04.774 [main] INFO   - Reading complete
19:54:04.774 [main] INFO   - Print userNodes to file
19:54:04.791 [main] INFO   - Complete printing userNodes to file
19:54:04.791 [main] INFO   - Print tagCount to file
19:54:04.798 [main] INFO   - Complete printing tagCount to file
20:11:50.365 [main] INFO   - Printed message
20:11:50.474 [main] INFO   - Start reading
20:12:26.733 [main] INFO   - Reading complete
20:12:26.733 [main] INFO   - Print userNodes to file
20:12:26.749 [main] INFO   - Complete printing userNodes to file
20:12:26.749 [main] INFO   - Print tagCount to file
20:12:26.755 [main] INFO   - Complete printing tagCount to file
